<?xml version="1.0" encoding="UTF-8"?>
<!-- Generated by org.testng.reporters.JUnitReportReporter -->
<testsuite hostname="LAPTOP-B2AAVM05" failures="0" tests="1" name="org.fadhilacademy.TC_ValidateError" time="13.042" errors="0" timestamp="12 Sep 2023 07:16:29 GMT" skipped="0">
  <testcase classname="org.fadhilacademy.TC_ValidateError" name="ValidateError" time="13.042"/>
</testsuite> <!-- org.fadhilacademy.TC_ValidateError -->
