<?xml version="1.0" encoding="UTF-8"?>
<!-- Generated by org.testng.reporters.JUnitReportReporter -->
<testsuite hostname="LAPTOP-B2AAVM05" failures="0" tests="1" name="org.fadhilacademy.TC_LoginVisionPlus" time="39.295" errors="0" timestamp="13 Sep 2023 08:12:29 GMT" skipped="0">
  <testcase classname="org.fadhilacademy.TC_LoginVisionPlus" name="successLoginLogoutScript" time="39.295"/>
</testsuite> <!-- org.fadhilacademy.TC_LoginVisionPlus -->
